2025-06-24 08:29:53.346 [background-preinit] INFO  o.h.validator.internal.util.Version - HV000001: Hibernate Validator 8.0.2.Final
2025-06-24 08:29:53.380 [restartedMain] INFO  c.W.W.WasteCollectionApplication - Starting WasteCollectionApplication using Java 21.0.6 with PID 9648 (C:\WasteManagement\WasteCollection\target\classes started by 2408530 in C:\WasteManagement\WasteCollection)
2025-06-24 08:29:53.381 [restartedMain] INFO  c.W.W.WasteCollectionApplication - No active profile set, falling back to 1 default profile: "default"
2025-06-24 08:29:53.426 [restartedMain] INFO  o.s.b.d.e.DevToolsPropertyDefaultsPostProcessor - Devtools property defaults active! Set 'spring.devtools.add-properties' to 'false' to disable
2025-06-24 08:29:53.427 [restartedMain] INFO  o.s.b.d.e.DevToolsPropertyDefaultsPostProcessor - For additional web related logging consider setting the 'logging.level.web' property to 'DEBUG'
2025-06-24 08:29:54.225 [restartedMain] INFO  o.s.d.r.c.RepositoryConfigurationDelegate - Bootstrapping Spring Data JPA repositories in DEFAULT mode.
2025-06-24 08:29:54.277 [restartedMain] INFO  o.s.d.r.c.RepositoryConfigurationDelegate - Finished Spring Data repository scanning in 43 ms. Found 1 JPA repository interface.
2025-06-24 08:29:54.737 [restartedMain] INFO  o.s.b.w.e.tomcat.TomcatWebServer - Tomcat initialized with port 8082 (http)
2025-06-24 08:29:54.759 [restartedMain] INFO  o.a.coyote.http11.Http11NioProtocol - Initializing ProtocolHandler ["http-nio-8082"]
2025-06-24 08:29:54.761 [restartedMain] INFO  o.a.catalina.core.StandardService - Starting service [Tomcat]
2025-06-24 08:29:54.761 [restartedMain] INFO  o.a.catalina.core.StandardEngine - Starting Servlet engine: [Apache Tomcat/10.1.41]
2025-06-24 08:29:54.804 [restartedMain] INFO  o.a.c.c.C.[Tomcat].[localhost].[/] - Initializing Spring embedded WebApplicationContext
2025-06-24 08:29:54.804 [restartedMain] INFO  o.s.b.w.s.c.ServletWebServerApplicationContext - Root WebApplicationContext: initialization completed in 1376 ms
2025-06-24 08:29:54.871 [restartedMain] INFO  com.zaxxer.hikari.HikariDataSource - HikariPool-1 - Starting...
2025-06-24 08:29:55.055 [restartedMain] INFO  com.zaxxer.hikari.pool.HikariPool - HikariPool-1 - Added connection com.mysql.cj.jdbc.ConnectionImpl@25f01d0f
2025-06-24 08:29:55.057 [restartedMain] INFO  com.zaxxer.hikari.HikariDataSource - HikariPool-1 - Start completed.
2025-06-24 08:29:55.110 [restartedMain] INFO  o.h.jpa.internal.util.LogHelper - HHH000204: Processing PersistenceUnitInfo [name: default]
2025-06-24 08:29:55.148 [restartedMain] INFO  org.hibernate.Version - HHH000412: Hibernate ORM core version 6.6.15.Final
2025-06-24 08:29:55.181 [restartedMain] INFO  o.h.c.i.RegionFactoryInitiator - HHH000026: Second-level cache disabled
2025-06-24 08:29:55.397 [restartedMain] INFO  o.s.o.j.p.SpringPersistenceUnitInfo - No LoadTimeWeaver setup: ignoring JPA class transformer
2025-06-24 08:29:55.449 [restartedMain] WARN  org.hibernate.orm.deprecation - HHH90000025: MySQL8Dialect does not need to be specified explicitly using 'hibernate.dialect' (remove the property setting and it will be selected by default)
2025-06-24 08:29:55.451 [restartedMain] WARN  org.hibernate.orm.deprecation - HHH90000026: MySQL8Dialect has been deprecated; use org.hibernate.dialect.MySQLDialect instead
2025-06-24 08:29:55.462 [restartedMain] INFO  o.hibernate.orm.connections.pooling - HHH10001005: Database info:
	Database JDBC URL [Connecting through datasource 'HikariDataSource (HikariPool-1)']
	Database driver: undefined/unknown
	Database version: 8.0
	Autocommit mode: undefined/unknown
	Isolation level: undefined/unknown
	Minimum pool size: undefined/unknown
	Maximum pool size: undefined/unknown
2025-06-24 08:29:56.027 [restartedMain] INFO  o.h.e.t.j.p.i.JtaPlatformInitiator - HHH000489: No JTA platform available (set 'hibernate.transaction.jta.platform' to enable JTA platform integration)
2025-06-24 08:29:56.072 [restartedMain] INFO  o.s.o.j.LocalContainerEntityManagerFactoryBean - Initialized JPA EntityManagerFactory for persistence unit 'default'
2025-06-24 08:29:56.271 [restartedMain] INFO  c.W.W.S.WasteLogServiceImpl - WasteLogServiceImpl initialized.
2025-06-24 08:29:56.272 [restartedMain] INFO  c.W.W.Controller.WasteLogController - WasteLogController initialized.
2025-06-24 08:29:56.434 [restartedMain] WARN  o.s.b.a.o.j.JpaBaseConfiguration$JpaWebConfiguration - spring.jpa.open-in-view is enabled by default. Therefore, database queries may be performed during view rendering. Explicitly configure spring.jpa.open-in-view to disable this warning
2025-06-24 08:29:56.677 [restartedMain] INFO  o.s.b.a.h.H2ConsoleAutoConfiguration - H2 console available at '/h2-console'. Database available at 'jdbc:mysql://localhost:3306/waste_log?useSSL=false'
2025-06-24 08:29:56.726 [restartedMain] INFO  o.s.b.d.a.OptionalLiveReloadServer - LiveReload server is running on port 35729
2025-06-24 08:29:56.744 [restartedMain] INFO  o.a.coyote.http11.Http11NioProtocol - Starting ProtocolHandler ["http-nio-8082"]
2025-06-24 08:29:56.758 [restartedMain] INFO  o.s.b.w.e.tomcat.TomcatWebServer - Tomcat started on port 8082 (http) with context path '/'
2025-06-24 08:29:56.766 [restartedMain] INFO  c.W.W.WasteCollectionApplication - Started WasteCollectionApplication in 3.785 seconds (process running for 4.716)
2025-06-24 08:30:58.182 [http-nio-8082-exec-4] INFO  o.a.c.c.C.[Tomcat].[localhost].[/] - Initializing Spring DispatcherServlet 'dispatcherServlet'
2025-06-24 08:30:58.182 [http-nio-8082-exec-4] INFO  o.s.web.servlet.DispatcherServlet - Initializing Servlet 'dispatcherServlet'
2025-06-24 08:30:58.183 [http-nio-8082-exec-4] INFO  o.s.web.servlet.DispatcherServlet - Completed initialization in 1 ms
2025-06-24 08:30:58.319 [http-nio-8082-exec-4] INFO  c.W.W.Controller.WasteLogController - Received request to end collection: WasteLogUpdateRequestDTO(logId=13, weightCollected=1076.82)
2025-06-24 08:30:58.319 [http-nio-8082-exec-4] INFO  c.W.W.S.WasteLogServiceImpl - Attempting to end collection log with ID: 13 and weight: 1076.82
2025-06-24 08:30:58.418 [http-nio-8082-exec-4] INFO  c.W.W.S.WasteLogServiceImpl - Collection log with ID: 13 completed successfully.
2025-06-24 08:30:58.418 [http-nio-8082-exec-4] INFO  c.W.W.Controller.WasteLogController - Collection ended successfully. Response: RestResponse(success=true, message=Waste Collection Log Completed Successfully, data=WasteLogResponseDTO(logId=13, zoneId=null, vehicleId=null, workerId=null, collectionStartTime=null, collectionEndTime=null, weightCollected=null, message=Waste Collection Log Completed Successfully, createdDate=null, updatedDate=null), timestamp=2025-06-24T08:30:58.418869400)
2025-06-24 08:31:13.861 [http-nio-8082-exec-5] INFO  c.W.W.Controller.WasteLogController - Received request to start collection: WasteLogStartRequestDTO(zoneId=Z001, vehicleId=PT001, workerId=W001)
2025-06-24 08:31:13.861 [http-nio-8082-exec-5] INFO  c.W.W.S.WasteLogServiceImpl - Attempting to start new collection log for workerId=W001, zoneId=Z001, vehicleId=PT001
2025-06-24 08:31:14.014 [http-nio-8082-exec-5] INFO  c.W.W.S.WasteLogServiceImpl - New collection log started successfully with ID: 14
2025-06-24 08:31:14.015 [http-nio-8082-exec-5] INFO  c.W.W.Controller.WasteLogController - Collection started successfully. Response: RestResponse(success=true, message=Waste Collection Log Recorded Successfully, data=WasteLogResponseDTO(logId=14, zoneId=null, vehicleId=null, workerId=null, collectionStartTime=null, collectionEndTime=null, weightCollected=null, message=Waste Collection Log Recorded Successfully, createdDate=null, updatedDate=null), timestamp=2025-06-24T08:31:14.015057400)
